<?xml version="1.0" encoding="UTF-8"?>
<!-- Generated by org.testng.reporters.JUnitXMLReporter -->
<testsuite hostname="Madhurs-MacBook-Air.local" ignored="0" name="Default test" tests="2" failures="0" timestamp="26 Jul 2020 15:34:58 GMT" time="3.533" errors="0">
  <testcase name="@BeforeMethod beforeMethod" time="3.46" classname="com.base.TestBase">
    <failure type="org.openqa.selenium.WebDriverException" message="unknown error: failed to change window state to maximized, current state is normal
  (Session info: chrome=84.0.4147.89)
  (Driver info: chromedriver=2.33.506106 (8a06c39c4582fbfbab6966dbb1c38a9173bfb1a2),platform=Mac OS X 10.15.2 x86_64) (WARNING: The server did not provide any stacktrace information)
Command duration or timeout: 0 milliseconds
Build info: version: &amp;apos;3.5.3&amp;apos;, revision: &amp;apos;a88d25fe6b&amp;apos;, time: &amp;apos;2017-08-29T12:42:44.417Z&amp;apos;
System info: host: &amp;apos;Madhurs-MacBook-Air.local&amp;apos;, ip: &amp;apos;fe80:0:0:0:450:4eeb:c564:4a58%en0&amp;apos;, os.name: &amp;apos;Mac OS X&amp;apos;, os.arch: &amp;apos;x86_64&amp;apos;, os.version: &amp;apos;10.15.2&amp;apos;, java.version: &amp;apos;1.8.0_191&amp;apos;
Driver info: org.openqa.selenium.chrome.ChromeDriver
Capabilities [{mobileEmulationEnabled=false, hasTouchScreen=false, platform=MAC, acceptSslCerts=true, webStorageEnabled=true, browserName=chrome, takesScreenshot=true, javascriptEnabled=true, platformName=MAC, setWindowRect=true, unexpectedAlertBehaviour=, applicationCacheEnabled=false, rotatable=false, networkConnectionEnabled=false, chrome={chromedriverVersion=2.33.506106 (8a06c39c4582fbfbab6966dbb1c38a9173bfb1a2), userDataDir=/var/folders/gh/vz_q888j5xvbw8b1gth9m57w0000gn/T/.org.chromium.Chromium.d2B4Hs}, takesHeapSnapshot=true, pageLoadStrategy=normal, unhandledPromptBehavior=, databaseEnabled=false, handlesAlerts=true, version=84.0.4147.89, browserConnectionEnabled=false, nativeEvents=true, locationContextEnabled=true, cssSelectorsEnabled=true}]
Session ID: b3a6762fc3f1837f40ed0b4423f94daf">
      <![CDATA[org.openqa.selenium.WebDriverException: unknown error: failed to change window state to maximized, current state is normal
  (Session info: chrome=84.0.4147.89)
  (Driver info: chromedriver=2.33.506106 (8a06c39c4582fbfbab6966dbb1c38a9173bfb1a2),platform=Mac OS X 10.15.2 x86_64) (WARNING: The server did not provide any stacktrace information)
Command duration or timeout: 0 milliseconds
Build info: version: '3.5.3', revision: 'a88d25fe6b', time: '2017-08-29T12:42:44.417Z'
System info: host: 'Madhurs-MacBook-Air.local', ip: 'fe80:0:0:0:450:4eeb:c564:4a58%en0', os.name: 'Mac OS X', os.arch: 'x86_64', os.version: '10.15.2', java.version: '1.8.0_191'
Driver info: org.openqa.selenium.chrome.ChromeDriver
Capabilities [{mobileEmulationEnabled=false, hasTouchScreen=false, platform=MAC, acceptSslCerts=true, webStorageEnabled=true, browserName=chrome, takesScreenshot=true, javascriptEnabled=true, platformName=MAC, setWindowRect=true, unexpectedAlertBehaviour=, applicationCacheEnabled=false, rotatable=false, networkConnectionEnabled=false, chrome={chromedriverVersion=2.33.506106 (8a06c39c4582fbfbab6966dbb1c38a9173bfb1a2), userDataDir=/var/folders/gh/vz_q888j5xvbw8b1gth9m57w0000gn/T/.org.chromium.Chromium.d2B4Hs}, takesHeapSnapshot=true, pageLoadStrategy=normal, unhandledPromptBehavior=, databaseEnabled=false, handlesAlerts=true, version=84.0.4147.89, browserConnectionEnabled=false, nativeEvents=true, locationContextEnabled=true, cssSelectorsEnabled=true}]
Session ID: b3a6762fc3f1837f40ed0b4423f94daf
	at sun.reflect.NativeConstructorAccessorImpl.newInstance0(Native Method)
	at sun.reflect.NativeConstructorAccessorImpl.newInstance(NativeConstructorAccessorImpl.java:62)
	at sun.reflect.DelegatingConstructorAccessorImpl.newInstance(DelegatingConstructorAccessorImpl.java:45)
	at java.lang.reflect.Constructor.newInstance(Constructor.java:423)
	at org.openqa.selenium.remote.ErrorHandler.createThrowable(ErrorHandler.java:215)
	at org.openqa.selenium.remote.ErrorHandler.throwIfResponseFailed(ErrorHandler.java:167)
	at org.openqa.selenium.remote.http.JsonHttpResponseCodec.reconstructValue(JsonHttpResponseCodec.java:40)
	at org.openqa.selenium.remote.http.AbstractHttpResponseCodec.decode(AbstractHttpResponseCodec.java:82)
	at org.openqa.selenium.remote.http.AbstractHttpResponseCodec.decode(AbstractHttpResponseCodec.java:45)
	at org.openqa.selenium.remote.HttpCommandExecutor.execute(HttpCommandExecutor.java:164)
	at org.openqa.selenium.remote.service.DriverCommandExecutor.execute(DriverCommandExecutor.java:82)
	at org.openqa.selenium.remote.RemoteWebDriver.execute(RemoteWebDriver.java:646)
	at org.openqa.selenium.remote.RemoteWebDriver.execute(RemoteWebDriver.java:703)
	at org.openqa.selenium.remote.RemoteWebDriver$RemoteWebDriverOptions$RemoteWindow.maximize(RemoteWebDriver.java:934)
	at org.openqa.selenium.support.events.EventFiringWebDriver$EventFiringWindow.maximize(EventFiringWebDriver.java:659)
	at com.utility.TestUtility.getUrl(TestUtility.java:87)
	at com.base.TestBase.initialization(TestBase.java:104)
	at com.base.TestBase.beforeMethod(TestBase.java:189)
	at sun.reflect.NativeMethodAccessorImpl.invoke0(Native Method)
	at sun.reflect.NativeMethodAccessorImpl.invoke(NativeMethodAccessorImpl.java:62)
	at sun.reflect.DelegatingMethodAccessorImpl.invoke(DelegatingMethodAccessorImpl.java:43)
	at java.lang.reflect.Method.invoke(Method.java:498)
	at org.testng.internal.MethodInvocationHelper.invokeMethod(MethodInvocationHelper.java:108)
	at org.testng.internal.Invoker.invokeConfigurationMethod(Invoker.java:523)
	at org.testng.internal.Invoker.invokeConfigurations(Invoker.java:224)
	at org.testng.internal.Invoker.invokeMethod(Invoker.java:599)
	at org.testng.internal.Invoker.invokeTestMethod(Invoker.java:869)
	at org.testng.internal.Invoker.invokeTestMethods(Invoker.java:1193)
	at org.testng.internal.TestMethodWorker.invokeTestMethods(TestMethodWorker.java:126)
	at org.testng.internal.TestMethodWorker.run(TestMethodWorker.java:109)
	at org.testng.TestRunner.privateRun(TestRunner.java:744)
	at org.testng.TestRunner.run(TestRunner.java:602)
	at org.testng.SuiteRunner.runTest(SuiteRunner.java:380)
	at org.testng.SuiteRunner.runSequentially(SuiteRunner.java:375)
	at org.testng.SuiteRunner.privateRun(SuiteRunner.java:340)
	at org.testng.SuiteRunner.run(SuiteRunner.java:289)
	at org.testng.SuiteRunnerWorker.runSuite(SuiteRunnerWorker.java:52)
	at org.testng.SuiteRunnerWorker.run(SuiteRunnerWorker.java:86)
	at org.testng.TestNG.runSuitesSequentially(TestNG.java:1301)
	at org.testng.TestNG.runSuitesLocally(TestNG.java:1226)
	at org.testng.TestNG.runSuites(TestNG.java:1144)
	at org.testng.TestNG.run(TestNG.java:1115)
	at org.testng.remote.AbstractRemoteTestNG.run(AbstractRemoteTestNG.java:114)
	at org.testng.remote.RemoteTestNG.initAndRun(RemoteTestNG.java:251)
	at org.testng.remote.RemoteTestNG.main(RemoteTestNG.java:77)
]]>
    </failure>
  </testcase> <!-- @BeforeMethod beforeMethod -->
  <testcase name="@BeforeMethod beforeMethod" time="0.0" classname="com.base.TestBase">
    <skipped/>
  </testcase> <!-- @BeforeMethod beforeMethod -->
  <testcase name="@AfterClass tearDown" time="0.0" classname="com.base.TestBase">
    <skipped/>
  </testcase> <!-- @AfterClass tearDown -->
  <testcase name="loginTest" time="0.0" classname="com.tests.HomePageTest">
    <skipped/>
  </testcase> <!-- loginTest -->
  <testcase name="logoTest" time="0.004" classname="com.tests.HomePageTest">
    <skipped/>
  </testcase> <!-- logoTest -->
</testsuite> <!-- Default test -->
