<?xml version="1.0" encoding="UTF-8"?>
<testng-results skipped="0" failed="1" ignored="0" total="2" passed="1">
  <reporter-output>
    <line>
      <![CDATA[Operating System : Mac]]>
    </line>
    <line>
      <![CDATA[Browser Selected : Chrome]]>
    </line>
    <line>
      <![CDATA[Navigated To Url https://www.zoho.com/]]>
    </line>
    <line>
      <![CDATA[Clicking on the Login Button]]>
    </line>
    <line>
      <![CDATA[Login Button Clicked]]>
    </line>
    <line>
      <![CDATA[loginTest test Ended]]>
    </line>
    <line>
      <![CDATA[<a href='/Users/maddy/eclipse-workspace/HybridFramework/src/main/java/com/screenshots/loginTest_Passed_27_07_2020_03_22_31.png'> <img src='/Users/maddy/eclipse-workspace/HybridFramework/src/main/java/com/screenshots/loginTest_Passed_27_07_2020_03_22_31.png' height='100' width='100'/> </a>]]>
    </line>
    <line>
      <![CDATA[Operating System : Mac]]>
    </line>
    <line>
      <![CDATA[Browser Selected : Chrome]]>
    </line>
    <line>
      <![CDATA[Navigated To Url https://www.zoho.com/]]>
    </line>
    <line>
      <![CDATA[logoTest test Ended]]>
    </line>
    <line>
      <![CDATA[<a href='/Users/maddy/eclipse-workspace/HybridFramework/src/main/java/com/screenshots/logoTest_Failed_27_07_2020_03_22_36.png'> <img src='/Users/maddy/eclipse-workspace/HybridFramework/src/main/java/com/screenshots/logoTest_Failed_27_07_2020_03_22_36.png' height='100' width='100'/> </a>]]>
    </line>
    <line>
      <![CDATA[Browser Closed]]>
    </line>
  </reporter-output>
  <suite name="Default suite" duration-ms="12950" started-at="2020-07-27T09:52:24Z" finished-at="2020-07-27T09:52:37Z">
    <groups>
    </groups>
    <test name="Default test" duration-ms="12950" started-at="2020-07-27T09:52:24Z" finished-at="2020-07-27T09:52:37Z">
      <class name="com.tests.HomePageTest">
        <test-method status="PASS" signature="beforeMethod(java.lang.reflect.Method)[pri:0, instance:com.tests.HomePageTest@14a2f921]" name="beforeMethod" is-config="true" duration-ms="5898" started-at="2020-07-27T15:22:24Z" finished-at="2020-07-27T15:22:30Z">
          <params>
            <param index="0">
              <value>
                <![CDATA[public void com.tests.HomePageTest.loginTest() throws java.lang.Exception]]>
              </value>
            </param>
          </params>
          <reporter-output>
            <line>
              <![CDATA[Operating System : Mac]]>
            </line>
            <line>
              <![CDATA[Browser Selected : Chrome]]>
            </line>
            <line>
              <![CDATA[Navigated To Url https://www.zoho.com/]]>
            </line>
          </reporter-output>
        </test-method> <!-- beforeMethod -->
        <test-method status="PASS" signature="loginTest()[pri:0, instance:com.tests.HomePageTest@14a2f921]" name="loginTest" duration-ms="597" started-at="2020-07-27T15:22:30Z" finished-at="2020-07-27T15:22:30Z">
          <reporter-output>
            <line>
              <![CDATA[Clicking on the Login Button]]>
            </line>
            <line>
              <![CDATA[Login Button Clicked]]>
            </line>
          </reporter-output>
        </test-method> <!-- loginTest -->
        <test-method status="PASS" signature="afterMethod(org.testng.ITestResult)[pri:0, instance:com.tests.HomePageTest@14a2f921]" name="afterMethod" is-config="true" duration-ms="2119" started-at="2020-07-27T15:22:31Z" finished-at="2020-07-27T15:22:33Z">
          <params>
            <param index="0">
              <value>
                <![CDATA[[TestResult name=loginTest status=SUCCESS method=HomePageTest.loginTest()[pri:0, instance:com.tests.HomePageTest@14a2f921] output=Clicking on the Login Button]]]>
              </value>
            </param>
          </params>
          <reporter-output>
            <line>
              <![CDATA[loginTest test Ended]]>
            </line>
            <line>
              <![CDATA[<a href='/Users/maddy/eclipse-workspace/HybridFramework/src/main/java/com/screenshots/loginTest_Passed_27_07_2020_03_22_31.png'> <img src='/Users/maddy/eclipse-workspace/HybridFramework/src/main/java/com/screenshots/loginTest_Passed_27_07_2020_03_22_31.png' height='100' width='100'/> </a>]]>
            </line>
          </reporter-output>
        </test-method> <!-- afterMethod -->
        <test-method status="PASS" signature="beforeMethod(java.lang.reflect.Method)[pri:0, instance:com.tests.HomePageTest@14a2f921]" name="beforeMethod" is-config="true" duration-ms="3363" started-at="2020-07-27T15:22:33Z" finished-at="2020-07-27T15:22:36Z">
          <params>
            <param index="0">
              <value>
                <![CDATA[public void com.tests.HomePageTest.logoTest()]]>
              </value>
            </param>
          </params>
          <reporter-output>
            <line>
              <![CDATA[Operating System : Mac]]>
            </line>
            <line>
              <![CDATA[Browser Selected : Chrome]]>
            </line>
            <line>
              <![CDATA[Navigated To Url https://www.zoho.com/]]>
            </line>
          </reporter-output>
        </test-method> <!-- beforeMethod -->
        <test-method status="FAIL" signature="logoTest()[pri:0, instance:com.tests.HomePageTest@14a2f921]" name="logoTest" duration-ms="45" started-at="2020-07-27T15:22:36Z" finished-at="2020-07-27T15:22:36Z">
          <exception class="org.openqa.selenium.NoSuchSessionException">
            <message>
              <![CDATA[invalid session id
Build info: version: '3.5.3', revision: 'a88d25fe6b', time: '2017-08-29T12:42:44.417Z'
System info: host: 'Madhurs-MacBook-Air.local', ip: 'fe80:0:0:0:8f7:ab93:a6e6:9753%en0', os.name: 'Mac OS X', os.arch: 'x86_64', os.version: '10.15.2', java.version: '1.8.0_191'
Driver info: org.openqa.selenium.chrome.ChromeDriver
Capabilities [{networkConnectionEnabled=false, chrome={chromedriverVersion=84.0.4147.30 (48b3e868b4cc0aa7e8149519690b6f6949e110a8-refs/branch-heads/4147@{#310}), userDataDir=/var/folders/gh/vz_q888j5xvbw8b1gth9m57w0000gn/T/.com.google.Chrome.Pjsz9N}, timeouts={implicit=0, pageLoad=300000, script=30000}, pageLoadStrategy=normal, unhandledPromptBehavior=dismiss and notify, strictFileInteractability=false, platform=MAC, proxy=Proxy(), goog:chromeOptions={debuggerAddress=localhost:50192}, acceptInsecureCerts=false, browserVersion=84.0.4147.89, browserName=chrome, javascriptEnabled=true, platformName=MAC, setWindowRect=true, webauthn:virtualAuthenticators=true}]
Session ID: 162761f8bc8bd0f342cbcd6d19279a78
*** Element info: {Using=xpath, value=//*[@class='logo-top']}]]>
            </message>
            <full-stacktrace>
              <![CDATA[org.openqa.selenium.NoSuchSessionException: invalid session id
Build info: version: '3.5.3', revision: 'a88d25fe6b', time: '2017-08-29T12:42:44.417Z'
System info: host: 'Madhurs-MacBook-Air.local', ip: 'fe80:0:0:0:8f7:ab93:a6e6:9753%en0', os.name: 'Mac OS X', os.arch: 'x86_64', os.version: '10.15.2', java.version: '1.8.0_191'
Driver info: org.openqa.selenium.chrome.ChromeDriver
Capabilities [{networkConnectionEnabled=false, chrome={chromedriverVersion=84.0.4147.30 (48b3e868b4cc0aa7e8149519690b6f6949e110a8-refs/branch-heads/4147@{#310}), userDataDir=/var/folders/gh/vz_q888j5xvbw8b1gth9m57w0000gn/T/.com.google.Chrome.Pjsz9N}, timeouts={implicit=0, pageLoad=300000, script=30000}, pageLoadStrategy=normal, unhandledPromptBehavior=dismiss and notify, strictFileInteractability=false, platform=MAC, proxy=Proxy(), goog:chromeOptions={debuggerAddress=localhost:50192}, acceptInsecureCerts=false, browserVersion=84.0.4147.89, browserName=chrome, javascriptEnabled=true, platformName=MAC, setWindowRect=true, webauthn:virtualAuthenticators=true}]
Session ID: 162761f8bc8bd0f342cbcd6d19279a78
*** Element info: {Using=xpath, value=//*[@class='logo-top']}
	at sun.reflect.NativeConstructorAccessorImpl.newInstance0(Native Method)
	at sun.reflect.NativeConstructorAccessorImpl.newInstance(NativeConstructorAccessorImpl.java:62)
	at sun.reflect.DelegatingConstructorAccessorImpl.newInstance(DelegatingConstructorAccessorImpl.java:45)
	at java.lang.reflect.Constructor.newInstance(Constructor.java:423)
	at org.openqa.selenium.remote.http.W3CHttpResponseCodec.createException(W3CHttpResponseCodec.java:185)
	at org.openqa.selenium.remote.http.W3CHttpResponseCodec.decode(W3CHttpResponseCodec.java:120)
	at org.openqa.selenium.remote.http.W3CHttpResponseCodec.decode(W3CHttpResponseCodec.java:49)
	at org.openqa.selenium.remote.HttpCommandExecutor.execute(HttpCommandExecutor.java:164)
	at org.openqa.selenium.remote.service.DriverCommandExecutor.execute(DriverCommandExecutor.java:82)
	at org.openqa.selenium.remote.RemoteWebDriver.execute(RemoteWebDriver.java:646)
	at org.openqa.selenium.remote.RemoteWebDriver.findElement(RemoteWebDriver.java:416)
	at org.openqa.selenium.remote.RemoteWebDriver.findElementByXPath(RemoteWebDriver.java:518)
	at org.openqa.selenium.By$ByXPath.findElement(By.java:361)
	at org.openqa.selenium.remote.RemoteWebDriver.findElement(RemoteWebDriver.java:408)
	at sun.reflect.NativeMethodAccessorImpl.invoke0(Native Method)
	at sun.reflect.NativeMethodAccessorImpl.invoke(NativeMethodAccessorImpl.java:62)
	at sun.reflect.DelegatingMethodAccessorImpl.invoke(DelegatingMethodAccessorImpl.java:43)
	at java.lang.reflect.Method.invoke(Method.java:498)
	at org.openqa.selenium.support.events.EventFiringWebDriver$2.invoke(EventFiringWebDriver.java:105)
	at com.sun.proxy.$Proxy8.findElement(Unknown Source)
	at org.openqa.selenium.support.events.EventFiringWebDriver.findElement(EventFiringWebDriver.java:189)
	at org.openqa.selenium.support.pagefactory.DefaultElementLocator.findElement(DefaultElementLocator.java:69)
	at org.openqa.selenium.support.pagefactory.internal.LocatingElementHandler.invoke(LocatingElementHandler.java:38)
	at com.sun.proxy.$Proxy12.isDisplayed(Unknown Source)
	at com.pages.HomePage.validateLogo(HomePage.java:25)
	at com.tests.HomePageTest.logoTest(HomePageTest.java:23)
	at sun.reflect.NativeMethodAccessorImpl.invoke0(Native Method)
	at sun.reflect.NativeMethodAccessorImpl.invoke(NativeMethodAccessorImpl.java:62)
	at sun.reflect.DelegatingMethodAccessorImpl.invoke(DelegatingMethodAccessorImpl.java:43)
	at java.lang.reflect.Method.invoke(Method.java:498)
	at org.testng.internal.MethodInvocationHelper.invokeMethod(MethodInvocationHelper.java:108)
	at org.testng.internal.Invoker.invokeMethod(Invoker.java:661)
	at org.testng.internal.Invoker.invokeTestMethod(Invoker.java:869)
	at org.testng.internal.Invoker.invokeTestMethods(Invoker.java:1193)
	at org.testng.internal.TestMethodWorker.invokeTestMethods(TestMethodWorker.java:126)
	at org.testng.internal.TestMethodWorker.run(TestMethodWorker.java:109)
	at org.testng.TestRunner.privateRun(TestRunner.java:744)
	at org.testng.TestRunner.run(TestRunner.java:602)
	at org.testng.SuiteRunner.runTest(SuiteRunner.java:380)
	at org.testng.SuiteRunner.runSequentially(SuiteRunner.java:375)
	at org.testng.SuiteRunner.privateRun(SuiteRunner.java:340)
	at org.testng.SuiteRunner.run(SuiteRunner.java:289)
	at org.testng.SuiteRunnerWorker.runSuite(SuiteRunnerWorker.java:52)
	at org.testng.SuiteRunnerWorker.run(SuiteRunnerWorker.java:86)
	at org.testng.TestNG.runSuitesSequentially(TestNG.java:1301)
	at org.testng.TestNG.runSuitesLocally(TestNG.java:1226)
	at org.testng.TestNG.runSuites(TestNG.java:1144)
	at org.testng.TestNG.run(TestNG.java:1115)
	at org.testng.remote.AbstractRemoteTestNG.run(AbstractRemoteTestNG.java:114)
	at org.testng.remote.RemoteTestNG.initAndRun(RemoteTestNG.java:251)
	at org.testng.remote.RemoteTestNG.main(RemoteTestNG.java:77)
]]>
            </full-stacktrace>
          </exception> <!-- org.openqa.selenium.NoSuchSessionException -->
          <reporter-output>
          </reporter-output>
        </test-method> <!-- logoTest -->
        <test-method status="PASS" signature="afterMethod(org.testng.ITestResult)[pri:0, instance:com.tests.HomePageTest@14a2f921]" name="afterMethod" is-config="true" duration-ms="559" started-at="2020-07-27T15:22:36Z" finished-at="2020-07-27T15:22:37Z">
          <params>
            <param index="0">
              <value>
                <![CDATA[[TestResult name=logoTest status=FAILURE method=HomePageTest.logoTest()[pri:0, instance:com.tests.HomePageTest@14a2f921] output={null}]]]>
              </value>
            </param>
          </params>
          <reporter-output>
            <line>
              <![CDATA[logoTest test Ended]]>
            </line>
            <line>
              <![CDATA[<a href='/Users/maddy/eclipse-workspace/HybridFramework/src/main/java/com/screenshots/logoTest_Failed_27_07_2020_03_22_36.png'> <img src='/Users/maddy/eclipse-workspace/HybridFramework/src/main/java/com/screenshots/logoTest_Failed_27_07_2020_03_22_36.png' height='100' width='100'/> </a>]]>
            </line>
          </reporter-output>
        </test-method> <!-- afterMethod -->
        <test-method status="PASS" signature="tearDown()[pri:0, instance:com.tests.HomePageTest@14a2f921]" name="tearDown" is-config="true" duration-ms="335" started-at="2020-07-27T15:22:37Z" finished-at="2020-07-27T15:22:37Z">
          <reporter-output>
            <line>
              <![CDATA[Browser Closed]]>
            </line>
          </reporter-output>
        </test-method> <!-- tearDown -->
      </class> <!-- com.tests.HomePageTest -->
    </test> <!-- Default test -->
  </suite> <!-- Default suite -->
</testng-results>
